<?xml version="1.0" encoding="UTF-8"?>
<!-- Generated by org.testng.reporters.JUnitXMLReporter -->
<testsuite ignored="1" hostname="Nav" failures="0" tests="1" name="Default test" time="20.146" errors="0" timestamp="2023-01-26T21:21:11 EST">
  <testcase classname="com.demoqa.Tests.UploadsDownloadsTest" name="verifyuploadFunctionality" time="0.068"/>
  <testcase classname="com.demoqa.Tests.UploadsDownloadsTest" name="verifyUserIsAbleTODownloadFile" time="0.0">
    <ignored/>
  </testcase> <!-- verifyUserIsAbleTODownloadFile -->
</testsuite> <!-- Default test -->
