<?xml version="1.0" encoding="UTF-8"?>
<!-- Generated by org.testng.reporters.JUnitXMLReporter -->
<testsuite ignored="0" hostname="Nav" failures="0" tests="5" name="Test" time="59.918" errors="0" timestamp="2023-01-10T17:41:53 EST">
  <testcase classname="com.naveenautomation.Tests.MyAccountInformationTest" name="verifyAccountInfoIsPreFilledOnTheEdiAccountInfoPageForAllUsers" time="1.504"/>
  <testcase classname="com.naveenautomation.Tests.MyAccountInformationTest" name="verifyAccountInfoIsPreFilledOnTheEdiAccountInfoPageForAllUsers" time="2.052"/>
  <testcase classname="com.naveenautomation.Tests.MyAccountInformationTest" name="verifyAccountInfoIsPreFilledOnTheEdiAccountInfoPageForAllUsers" time="1.477"/>
  <testcase classname="com.naveenautomation.Tests.MyAccountInformationTest" name="verifyAccountInfoIsPreFilledOnTheEdiAccountInfoPageForAllUsers" time="1.645"/>
  <testcase classname="com.naveenautomation.Tests.MyAccountInformationTest" name="verifyAccountInfoIsPreFilledOnTheEdiAccountInfoPageForAllUsers" time="1.712"/>
</testsuite> <!-- Test -->
