<?xml version="1.0" encoding="UTF-8"?>
<testng-results ignored="1" total="2" passed="1" failed="0" skipped="0">
  <reporter-output>
  </reporter-output>
  <suite started-at="2023-01-26T11:29:31 EST" name="Default suite" finished-at="2023-01-26T11:29:54 EST" duration-ms="23065">
    <groups>
    </groups>
    <test started-at="2023-01-26T11:29:31 EST" name="Default test" finished-at="2023-01-26T11:29:54 EST" duration-ms="23065">
      <class name="com.demoqa.Tests.UploadsDownloadsTest">
        <test-method is-config="true" signature="setUp()[pri:0, instance:com.demoqa.Tests.UploadsDownloadsTest@581ac8a8]" started-at="2023-01-26T11:29:31 EST" name="setUp" finished-at="2023-01-26T11:29:34 EST" duration-ms="3690" status="PASS">
          <reporter-output>
          </reporter-output>
        </test-method> <!-- setUp -->
        <test-method signature="verifyUserIsAbleTODownloadFile()[pri:0, instance:com.demoqa.Tests.UploadsDownloadsTest@581ac8a8]" started-at="2023-01-26T11:29:34 EST" name="verifyUserIsAbleTODownloadFile" finished-at="2023-01-26T11:29:37 EST" duration-ms="3068" status="PASS">
          <reporter-output>
          </reporter-output>
        </test-method> <!-- verifyUserIsAbleTODownloadFile -->
        <test-method is-config="true" signature="tearDown()[pri:0, instance:com.demoqa.Tests.UploadsDownloadsTest@581ac8a8]" started-at="2023-01-26T11:29:37 EST" name="tearDown" finished-at="2023-01-26T11:29:54 EST" duration-ms="16282" status="PASS">
          <reporter-output>
          </reporter-output>
        </test-method> <!-- tearDown -->
      </class> <!-- com.demoqa.Tests.UploadsDownloadsTest -->
    </test> <!-- Default test -->
  </suite> <!-- Default suite -->
</testng-results>
